<?xml version="1.0" encoding="UTF-8"?>
<testsuite name="mars.rover.AppTest" tests="1" skipped="0" failures="0" errors="0" timestamp="2021-02-06T22:55:32" hostname="Alsons-MBP" time="0.015">
  <properties/>
  <testcase name="testAppHasAGreeting" classname="mars.rover.AppTest" time="0.015"/>
  <system-out><![CDATA[]]></system-out>
  <system-err><![CDATA[]]></system-err>
</testsuite>
